2024-08-31T15:35:56.958+05:30  INFO 4736 --- [restartedMain] com.DoctorMainApp                        : Starting DoctorMainApp using Java 17.0.7 with PID 4736 (F:\capstoneproject\DoctorMS\target\classes started by Divya in F:\capstoneproject\DoctorMS)
2024-08-31T15:35:56.960+05:30  INFO 4736 --- [restartedMain] com.DoctorMainApp                        : No active profile set, falling back to 1 default profile: "default"
2024-08-31T15:35:58.936+05:30  INFO 4736 --- [restartedMain] .s.d.r.c.RepositoryConfigurationDelegate : Bootstrapping Spring Data JPA repositories in DEFAULT mode.
2024-08-31T15:35:59.275+05:30  INFO 4736 --- [restartedMain] .s.d.r.c.RepositoryConfigurationDelegate : Finished Spring Data repository scanning in 339 ms. Found 1 JPA repository interfaces.
2024-08-31T15:35:59.375+05:30  INFO 4736 --- [restartedMain] o.s.cloud.context.scope.GenericScope     : BeanFactory id=ed6aecb4-c4d0-3811-807c-77c24af817af
2024-08-31T15:35:59.463+05:30  INFO 4736 --- [restartedMain] o.s.b.w.embedded.tomcat.TomcatWebServer  : Tomcat initialized with port(s): 9001 (http)
2024-08-31T15:35:59.464+05:30  INFO 4736 --- [restartedMain] o.apache.catalina.core.StandardService   : Starting service [Tomcat]
2024-08-31T15:35:59.464+05:30  INFO 4736 --- [restartedMain] o.apache.catalina.core.StandardEngine    : Starting Servlet engine: [Apache Tomcat/10.1.8]
2024-08-31T15:35:59.494+05:30  INFO 4736 --- [restartedMain] o.a.c.c.C.[Tomcat].[localhost].[/]       : Initializing Spring embedded WebApplicationContext
2024-08-31T15:35:59.494+05:30  INFO 4736 --- [restartedMain] w.s.c.ServletWebServerApplicationContext : Root WebApplicationContext: initialization completed in 2529 ms
2024-08-31T15:35:59.593+05:30  INFO 4736 --- [restartedMain] com.zaxxer.hikari.HikariDataSource       : HikariPool-2 - Starting...
2024-08-31T15:35:59.616+05:30  INFO 4736 --- [restartedMain] com.zaxxer.hikari.pool.HikariPool        : HikariPool-2 - Added connection com.mysql.cj.jdbc.ConnectionImpl@6027e6d4
2024-08-31T15:35:59.617+05:30  INFO 4736 --- [restartedMain] com.zaxxer.hikari.HikariDataSource       : HikariPool-2 - Start completed.
2024-08-31T15:35:59.619+05:30  INFO 4736 --- [restartedMain] o.hibernate.jpa.internal.util.LogHelper  : HHH000204: Processing PersistenceUnitInfo [name: default]
2024-08-31T15:35:59.633+05:30  INFO 4736 --- [restartedMain] o.h.b.i.BytecodeProviderInitiator        : HHH000021: Bytecode provider name : bytebuddy
2024-08-31T15:35:59.633+05:30  INFO 4736 --- [restartedMain] o.s.o.j.p.SpringPersistenceUnitInfo      : No LoadTimeWeaver setup: ignoring JPA class transformer
2024-08-31T15:35:59.635+05:30  INFO 4736 --- [restartedMain] org.hibernate.orm.dialect                : HHH035001: Using dialect: org.hibernate.dialect.MySQL8Dialect, version: 8.0
2024-08-31T15:35:59.635+05:30  WARN 4736 --- [restartedMain] org.hibernate.orm.deprecation            : HHH90000026: MySQL8Dialect has been deprecated; use org.hibernate.dialect.MySQLDialect instead
2024-08-31T15:35:59.646+05:30  INFO 4736 --- [restartedMain] o.h.b.i.BytecodeProviderInitiator        : HHH000021: Bytecode provider name : bytebuddy
2024-08-31T15:35:59.695+05:30  INFO 4736 --- [restartedMain] o.h.e.t.j.p.i.JtaPlatformInitiator       : HHH000490: Using JtaPlatform implementation: [org.hibernate.engine.transaction.jta.platform.internal.NoJtaPlatform]
2024-08-31T15:35:59.695+05:30  INFO 4736 --- [restartedMain] j.LocalContainerEntityManagerFactoryBean : Initialized JPA EntityManagerFactory for persistence unit 'default'
2024-08-31T15:35:59.811+05:30  WARN 4736 --- [restartedMain] JpaBaseConfiguration$JpaWebConfiguration : spring.jpa.open-in-view is enabled by default. Therefore, database queries may be performed during view rendering. Explicitly configure spring.jpa.open-in-view to disable this warning
2024-08-31T15:36:00.091+05:30  INFO 4736 --- [restartedMain] o.s.b.d.a.OptionalLiveReloadServer       : LiveReload server is running on port 35729
2024-08-31T15:36:00.239+05:30  INFO 4736 --- [restartedMain] DiscoveryClientOptionalArgsConfiguration : Eureka HTTP Client uses RestTemplate.
2024-08-31T15:36:00.384+05:30  WARN 4736 --- [restartedMain] iguration$LoadBalancerCaffeineWarnLogger : Spring Cloud LoadBalancer is currently working with the default cache. While this cache implementation is useful for development and tests, it's recommended to use Caffeine cache in production.You can switch to using Caffeine cache, by adding it and org.springframework.cache.caffeine.CaffeineCacheManager to the classpath.
2024-08-31T15:36:00.397+05:30  INFO 4736 --- [restartedMain] o.s.c.n.eureka.InstanceInfoFactory       : Setting initial instance status as: STARTING
2024-08-31T15:36:00.403+05:30  INFO 4736 --- [restartedMain] com.netflix.discovery.DiscoveryClient    : Initializing Eureka in region us-east-1
2024-08-31T15:36:00.404+05:30  INFO 4736 --- [restartedMain] c.n.d.s.r.aws.ConfigClusterResolver      : Resolving eureka endpoints via configuration
2024-08-31T15:36:00.412+05:30  INFO 4736 --- [restartedMain] com.netflix.discovery.DiscoveryClient    : Disable delta property : false
2024-08-31T15:36:00.413+05:30  INFO 4736 --- [restartedMain] com.netflix.discovery.DiscoveryClient    : Single vip registry refresh property : null
2024-08-31T15:36:00.413+05:30  INFO 4736 --- [restartedMain] com.netflix.discovery.DiscoveryClient    : Force full registry fetch : false
2024-08-31T15:36:00.413+05:30  INFO 4736 --- [restartedMain] com.netflix.discovery.DiscoveryClient    : Application is null : false
2024-08-31T15:36:00.413+05:30  INFO 4736 --- [restartedMain] com.netflix.discovery.DiscoveryClient    : Registered Applications size is zero : true
2024-08-31T15:36:00.413+05:30  INFO 4736 --- [restartedMain] com.netflix.discovery.DiscoveryClient    : Application version is -1: true
2024-08-31T15:36:00.413+05:30  INFO 4736 --- [restartedMain] com.netflix.discovery.DiscoveryClient    : Getting all instance registry info from the eureka server
2024-08-31T15:36:00.461+05:30  INFO 4736 --- [restartedMain] com.netflix.discovery.DiscoveryClient    : The response status is 200
2024-08-31T15:36:00.464+05:30  INFO 4736 --- [restartedMain] com.netflix.discovery.DiscoveryClient    : Starting heartbeat executor: renew interval is: 30
2024-08-31T15:36:00.467+05:30  INFO 4736 --- [restartedMain] c.n.discovery.InstanceInfoReplicator     : InstanceInfoReplicator onDemand update allowed rate per min is 4
2024-08-31T15:36:00.469+05:30  INFO 4736 --- [restartedMain] com.netflix.discovery.DiscoveryClient    : Discovery Client initialized at timestamp 1725098760469 with initial instances count: 0
2024-08-31T15:36:00.472+05:30  INFO 4736 --- [restartedMain] o.s.c.n.e.s.EurekaServiceRegistry        : Registering application DOCTOR-SERVICE with eureka with status UP
2024-08-31T15:36:00.472+05:30  INFO 4736 --- [restartedMain] com.netflix.discovery.DiscoveryClient    : Saw local status change event StatusChangeEvent [timestamp=1725098760472, current=UP, previous=STARTING]
2024-08-31T15:36:00.473+05:30  INFO 4736 --- [DiscoveryClient-InstanceInfoReplicator-0] com.netflix.discovery.DiscoveryClient    : DiscoveryClient_DOCTOR-SERVICE/192.168.1.2:doctor-service:9001: registering service...
2024-08-31T15:36:00.479+05:30  INFO 4736 --- [restartedMain] o.s.b.w.embedded.tomcat.TomcatWebServer  : Tomcat started on port(s): 9001 (http) with context path ''
2024-08-31T15:36:00.480+05:30  INFO 4736 --- [restartedMain] .s.c.n.e.s.EurekaAutoServiceRegistration : Updating port to 9001
2024-08-31T15:36:00.502+05:30  INFO 4736 --- [DiscoveryClient-InstanceInfoReplicator-0] com.netflix.discovery.DiscoveryClient    : DiscoveryClient_DOCTOR-SERVICE/192.168.1.2:doctor-service:9001 - registration status: 204
2024-08-31T15:36:00.637+05:30  INFO 4736 --- [restartedMain] com.DoctorMainApp                        : Started DoctorMainApp in 3.948 seconds (process running for 219.961)
2024-08-31T15:36:00.644+05:30  INFO 4736 --- [restartedMain] .ConditionEvaluationDeltaLoggingListener : Condition evaluation unchanged
2024-08-31T15:36:30.486+05:30  INFO 4736 --- [DiscoveryClient-CacheRefreshExecutor-0] com.netflix.discovery.DiscoveryClient    : Disable delta property : false
2024-08-31T15:36:30.487+05:30  INFO 4736 --- [DiscoveryClient-CacheRefreshExecutor-0] com.netflix.discovery.DiscoveryClient    : Single vip registry refresh property : null
2024-08-31T15:36:30.487+05:30  INFO 4736 --- [DiscoveryClient-CacheRefreshExecutor-0] com.netflix.discovery.DiscoveryClient    : Force full registry fetch : false
2024-08-31T15:36:30.487+05:30  INFO 4736 --- [DiscoveryClient-CacheRefreshExecutor-0] com.netflix.discovery.DiscoveryClient    : Application is null : false
2024-08-31T15:36:30.487+05:30  INFO 4736 --- [DiscoveryClient-CacheRefreshExecutor-0] com.netflix.discovery.DiscoveryClient    : Registered Applications size is zero : true
2024-08-31T15:36:30.487+05:30  INFO 4736 --- [DiscoveryClient-CacheRefreshExecutor-0] com.netflix.discovery.DiscoveryClient    : Application version is -1: false
2024-08-31T15:36:30.487+05:30  INFO 4736 --- [DiscoveryClient-CacheRefreshExecutor-0] com.netflix.discovery.DiscoveryClient    : Getting all instance registry info from the eureka server
2024-08-31T15:36:30.508+05:30  INFO 4736 --- [DiscoveryClient-CacheRefreshExecutor-0] com.netflix.discovery.DiscoveryClient    : The response status is 200
2024-08-31T15:36:36.260+05:30  INFO 4736 --- [http-nio-9001-exec-3] o.a.c.c.C.[Tomcat].[localhost].[/]       : Initializing Spring DispatcherServlet 'dispatcherServlet'
2024-08-31T15:36:36.260+05:30  INFO 4736 --- [http-nio-9001-exec-3] o.s.web.servlet.DispatcherServlet        : Initializing Servlet 'dispatcherServlet'
2024-08-31T15:36:36.262+05:30  INFO 4736 --- [http-nio-9001-exec-3] o.s.web.servlet.DispatcherServlet        : Completed initialization in 1 ms
2024-08-31T15:36:36.275+05:30  INFO 4736 --- [http-nio-9001-exec-3] com.controller.DoctorController          : Received request to get doctor with ID: 4
2024-08-31T15:36:36.278+05:30 DEBUG 4736 --- [http-nio-9001-exec-3] org.hibernate.SQL                        : 
    select
        d1_0.doctor_id,
        d1_0.doctor_name,
        d1_0.expertise,
        d1_0.specialization 
    from
        doctor d1_0 
    where
        d1_0.doctor_id=?
2024-08-31T15:36:36.295+05:30  INFO 4736 --- [http-nio-9001-exec-3] com.controller.DoctorController          : Found doctor with ID: 4
2024-08-31T15:39:39.941+05:30  INFO 4736 --- [File Watcher] rtingClassPathChangeChangedEventListener : Restarting due to 1 class path change (0 additions, 0 deletions, 1 modification)
2024-08-31T15:39:39.961+05:30  INFO 4736 --- [Thread-9] o.s.c.n.e.s.EurekaServiceRegistry        : Unregistering application DOCTOR-SERVICE with eureka with status DOWN
2024-08-31T15:39:39.964+05:30  INFO 4736 --- [Thread-9] com.netflix.discovery.DiscoveryClient    : Saw local status change event StatusChangeEvent [timestamp=1725098979964, current=DOWN, previous=UP]
2024-08-31T15:39:39.964+05:30  INFO 4736 --- [DiscoveryClient-InstanceInfoReplicator-0] com.netflix.discovery.DiscoveryClient    : DiscoveryClient_DOCTOR-SERVICE/192.168.1.2:doctor-service:9001: registering service...
2024-08-31T15:39:39.984+05:30  INFO 4736 --- [DiscoveryClient-InstanceInfoReplicator-0] com.netflix.discovery.DiscoveryClient    : DiscoveryClient_DOCTOR-SERVICE/192.168.1.2:doctor-service:9001 - registration status: 204
2024-08-31T15:39:39.991+05:30  INFO 4736 --- [Thread-9] o.apache.catalina.core.StandardService   : Stopping service [Tomcat]
2024-08-31T15:39:39.992+05:30  INFO 4736 --- [Thread-9] o.a.c.c.C.[Tomcat].[localhost].[/]       : Destroying Spring FrameworkServlet 'dispatcherServlet'
2024-08-31T15:39:39.998+05:30  INFO 4736 --- [Thread-9] j.LocalContainerEntityManagerFactoryBean : Closing JPA EntityManagerFactory for persistence unit 'default'
2024-08-31T15:39:39.999+05:30  INFO 4736 --- [Thread-9] com.zaxxer.hikari.HikariDataSource       : HikariPool-2 - Shutdown initiated...
2024-08-31T15:39:40.019+05:30  INFO 4736 --- [Thread-9] com.zaxxer.hikari.HikariDataSource       : HikariPool-2 - Shutdown completed.
2024-08-31T15:39:40.020+05:30  INFO 4736 --- [Thread-9] com.netflix.discovery.DiscoveryClient    : Shutting down DiscoveryClient ...
2024-08-31T15:39:43.037+05:30  INFO 4736 --- [Thread-9] com.netflix.discovery.DiscoveryClient    : Unregistering ...
2024-08-31T15:39:43.050+05:30  INFO 4736 --- [Thread-9] com.netflix.discovery.DiscoveryClient    : DiscoveryClient_DOCTOR-SERVICE/192.168.1.2:doctor-service:9001 - deregister  status: 200
2024-08-31T15:39:43.063+05:30  INFO 4736 --- [Thread-9] com.netflix.discovery.DiscoveryClient    : Completed shut down of DiscoveryClient
2024-08-31T15:39:43.322+05:30  INFO 4736 --- [restartedMain] com.DoctorMainApp                        : Starting DoctorMainApp using Java 17.0.7 with PID 4736 (F:\capstoneproject\DoctorMS\target\classes started by Divya in F:\capstoneproject\DoctorMS)
2024-08-31T15:39:43.323+05:30  INFO 4736 --- [restartedMain] com.DoctorMainApp                        : No active profile set, falling back to 1 default profile: "default"
2024-08-31T15:39:44.746+05:30  INFO 4736 --- [restartedMain] .s.d.r.c.RepositoryConfigurationDelegate : Bootstrapping Spring Data JPA repositories in DEFAULT mode.
2024-08-31T15:39:45.039+05:30  INFO 4736 --- [restartedMain] .s.d.r.c.RepositoryConfigurationDelegate : Finished Spring Data repository scanning in 292 ms. Found 1 JPA repository interfaces.
2024-08-31T15:39:45.119+05:30  INFO 4736 --- [restartedMain] o.s.cloud.context.scope.GenericScope     : BeanFactory id=ed6aecb4-c4d0-3811-807c-77c24af817af
2024-08-31T15:39:45.192+05:30  INFO 4736 --- [restartedMain] o.s.b.w.embedded.tomcat.TomcatWebServer  : Tomcat initialized with port(s): 9001 (http)
2024-08-31T15:39:45.194+05:30  INFO 4736 --- [restartedMain] o.apache.catalina.core.StandardService   : Starting service [Tomcat]
2024-08-31T15:39:45.195+05:30  INFO 4736 --- [restartedMain] o.apache.catalina.core.StandardEngine    : Starting Servlet engine: [Apache Tomcat/10.1.8]
2024-08-31T15:39:45.233+05:30  INFO 4736 --- [restartedMain] o.a.c.c.C.[Tomcat].[localhost].[/]       : Initializing Spring embedded WebApplicationContext
2024-08-31T15:39:45.233+05:30  INFO 4736 --- [restartedMain] w.s.c.ServletWebServerApplicationContext : Root WebApplicationContext: initialization completed in 1907 ms
2024-08-31T15:39:45.332+05:30  INFO 4736 --- [restartedMain] com.zaxxer.hikari.HikariDataSource       : HikariPool-3 - Starting...
2024-08-31T15:39:45.349+05:30  INFO 4736 --- [restartedMain] com.zaxxer.hikari.pool.HikariPool        : HikariPool-3 - Added connection com.mysql.cj.jdbc.ConnectionImpl@2c53be11
2024-08-31T15:39:45.350+05:30  INFO 4736 --- [restartedMain] com.zaxxer.hikari.HikariDataSource       : HikariPool-3 - Start completed.
2024-08-31T15:39:45.353+05:30  INFO 4736 --- [restartedMain] o.hibernate.jpa.internal.util.LogHelper  : HHH000204: Processing PersistenceUnitInfo [name: default]
2024-08-31T15:39:45.377+05:30  INFO 4736 --- [restartedMain] o.h.b.i.BytecodeProviderInitiator        : HHH000021: Bytecode provider name : bytebuddy
2024-08-31T15:39:45.378+05:30  INFO 4736 --- [restartedMain] o.s.o.j.p.SpringPersistenceUnitInfo      : No LoadTimeWeaver setup: ignoring JPA class transformer
2024-08-31T15:39:45.382+05:30  INFO 4736 --- [restartedMain] org.hibernate.orm.dialect                : HHH035001: Using dialect: org.hibernate.dialect.MySQL8Dialect, version: 8.0
2024-08-31T15:39:45.383+05:30  WARN 4736 --- [restartedMain] org.hibernate.orm.deprecation            : HHH90000026: MySQL8Dialect has been deprecated; use org.hibernate.dialect.MySQLDialect instead
2024-08-31T15:39:45.403+05:30  INFO 4736 --- [restartedMain] o.h.b.i.BytecodeProviderInitiator        : HHH000021: Bytecode provider name : bytebuddy
2024-08-31T15:39:45.433+05:30  INFO 4736 --- [restartedMain] o.h.e.t.j.p.i.JtaPlatformInitiator       : HHH000490: Using JtaPlatform implementation: [org.hibernate.engine.transaction.jta.platform.internal.NoJtaPlatform]
2024-08-31T15:39:45.433+05:30  INFO 4736 --- [restartedMain] j.LocalContainerEntityManagerFactoryBean : Initialized JPA EntityManagerFactory for persistence unit 'default'
2024-08-31T15:39:45.515+05:30  WARN 4736 --- [restartedMain] JpaBaseConfiguration$JpaWebConfiguration : spring.jpa.open-in-view is enabled by default. Therefore, database queries may be performed during view rendering. Explicitly configure spring.jpa.open-in-view to disable this warning
2024-08-31T15:39:45.742+05:30  INFO 4736 --- [restartedMain] o.s.b.d.a.OptionalLiveReloadServer       : LiveReload server is running on port 35729
2024-08-31T15:39:45.860+05:30  INFO 4736 --- [restartedMain] DiscoveryClientOptionalArgsConfiguration : Eureka HTTP Client uses RestTemplate.
2024-08-31T15:39:45.984+05:30  WARN 4736 --- [restartedMain] iguration$LoadBalancerCaffeineWarnLogger : Spring Cloud LoadBalancer is currently working with the default cache. While this cache implementation is useful for development and tests, it's recommended to use Caffeine cache in production.You can switch to using Caffeine cache, by adding it and org.springframework.cache.caffeine.CaffeineCacheManager to the classpath.
2024-08-31T15:39:46.001+05:30  INFO 4736 --- [restartedMain] o.s.c.n.eureka.InstanceInfoFactory       : Setting initial instance status as: STARTING
2024-08-31T15:39:46.008+05:30  INFO 4736 --- [restartedMain] com.netflix.discovery.DiscoveryClient    : Initializing Eureka in region us-east-1
2024-08-31T15:39:46.008+05:30  INFO 4736 --- [restartedMain] c.n.d.s.r.aws.ConfigClusterResolver      : Resolving eureka endpoints via configuration
2024-08-31T15:39:46.013+05:30  INFO 4736 --- [restartedMain] com.netflix.discovery.DiscoveryClient    : Disable delta property : false
2024-08-31T15:39:46.014+05:30  INFO 4736 --- [restartedMain] com.netflix.discovery.DiscoveryClient    : Single vip registry refresh property : null
2024-08-31T15:39:46.014+05:30  INFO 4736 --- [restartedMain] com.netflix.discovery.DiscoveryClient    : Force full registry fetch : false
2024-08-31T15:39:46.014+05:30  INFO 4736 --- [restartedMain] com.netflix.discovery.DiscoveryClient    : Application is null : false
2024-08-31T15:39:46.014+05:30  INFO 4736 --- [restartedMain] com.netflix.discovery.DiscoveryClient    : Registered Applications size is zero : true
2024-08-31T15:39:46.014+05:30  INFO 4736 --- [restartedMain] com.netflix.discovery.DiscoveryClient    : Application version is -1: true
2024-08-31T15:39:46.014+05:30  INFO 4736 --- [restartedMain] com.netflix.discovery.DiscoveryClient    : Getting all instance registry info from the eureka server
2024-08-31T15:39:46.052+05:30  INFO 4736 --- [restartedMain] com.netflix.discovery.DiscoveryClient    : The response status is 200
2024-08-31T15:39:46.053+05:30  INFO 4736 --- [restartedMain] com.netflix.discovery.DiscoveryClient    : Starting heartbeat executor: renew interval is: 30
2024-08-31T15:39:46.055+05:30  INFO 4736 --- [restartedMain] c.n.discovery.InstanceInfoReplicator     : InstanceInfoReplicator onDemand update allowed rate per min is 4
2024-08-31T15:39:46.057+05:30  INFO 4736 --- [restartedMain] com.netflix.discovery.DiscoveryClient    : Discovery Client initialized at timestamp 1725098986057 with initial instances count: 1
2024-08-31T15:39:46.059+05:30  INFO 4736 --- [restartedMain] o.s.c.n.e.s.EurekaServiceRegistry        : Registering application DOCTOR-SERVICE with eureka with status UP
2024-08-31T15:39:46.060+05:30  INFO 4736 --- [restartedMain] com.netflix.discovery.DiscoveryClient    : Saw local status change event StatusChangeEvent [timestamp=1725098986060, current=UP, previous=STARTING]
2024-08-31T15:39:46.060+05:30  INFO 4736 --- [DiscoveryClient-InstanceInfoReplicator-0] com.netflix.discovery.DiscoveryClient    : DiscoveryClient_DOCTOR-SERVICE/192.168.1.2:doctor-service:9001: registering service...
2024-08-31T15:39:46.072+05:30  INFO 4736 --- [restartedMain] o.s.b.w.embedded.tomcat.TomcatWebServer  : Tomcat started on port(s): 9001 (http) with context path ''
2024-08-31T15:39:46.074+05:30  INFO 4736 --- [restartedMain] .s.c.n.e.s.EurekaAutoServiceRegistration : Updating port to 9001
2024-08-31T15:39:46.101+05:30  INFO 4736 --- [DiscoveryClient-InstanceInfoReplicator-0] com.netflix.discovery.DiscoveryClient    : DiscoveryClient_DOCTOR-SERVICE/192.168.1.2:doctor-service:9001 - registration status: 204
2024-08-31T15:39:46.231+05:30  INFO 4736 --- [restartedMain] com.DoctorMainApp                        : Started DoctorMainApp in 3.083 seconds (process running for 445.554)
2024-08-31T15:39:46.236+05:30  INFO 4736 --- [restartedMain] .ConditionEvaluationDeltaLoggingListener : Condition evaluation unchanged
2024-08-31T15:41:16.189+05:30  INFO 4736 --- [http-nio-9001-exec-3] o.a.c.c.C.[Tomcat].[localhost].[/]       : Initializing Spring DispatcherServlet 'dispatcherServlet'
2024-08-31T15:41:16.189+05:30  INFO 4736 --- [http-nio-9001-exec-3] o.s.web.servlet.DispatcherServlet        : Initializing Servlet 'dispatcherServlet'
2024-08-31T15:41:16.190+05:30  INFO 4736 --- [http-nio-9001-exec-3] o.s.web.servlet.DispatcherServlet        : Completed initialization in 1 ms
2024-08-31T15:41:16.195+05:30  INFO 4736 --- [http-nio-9001-exec-3] com.controller.DoctorController          : Received request to get doctor with ID: 5
2024-08-31T15:41:16.201+05:30 DEBUG 4736 --- [http-nio-9001-exec-3] org.hibernate.SQL                        : 
    select
        d1_0.doctor_id,
        d1_0.doctor_name,
        d1_0.expertise,
        d1_0.specialization 
    from
        doctor d1_0 
    where
        d1_0.doctor_id=?
2024-08-31T15:41:16.205+05:30  INFO 4736 --- [http-nio-9001-exec-3] com.controller.DoctorController          : Found doctor with ID: 5
2024-08-31T15:42:37.183+05:30  INFO 4736 --- [http-nio-9001-exec-7] com.controller.DoctorController          : Received request to get doctor with ID: 55
2024-08-31T15:42:37.189+05:30 DEBUG 4736 --- [http-nio-9001-exec-7] org.hibernate.SQL                        : 
    select
        d1_0.doctor_id,
        d1_0.doctor_name,
        d1_0.expertise,
        d1_0.specialization 
    from
        doctor d1_0 
    where
        d1_0.doctor_id=?
2024-08-31T15:42:37.193+05:30  WARN 4736 --- [http-nio-9001-exec-7] com.controller.DoctorController          : No record found for doctor ID: 55
2024-08-31T15:42:37.202+05:30  WARN 4736 --- [http-nio-9001-exec-7] .m.m.a.ExceptionHandlerExceptionResolver : Resolved [com.exceptions.CustomException: No record found for doctor ID: 55]
2024-08-31T15:43:34.396+05:30  INFO 4736 --- [http-nio-9001-exec-4] com.controller.DoctorController          : Received request to get doctor with ID: 3
2024-08-31T15:43:34.402+05:30 DEBUG 4736 --- [http-nio-9001-exec-4] org.hibernate.SQL                        : 
    select
        d1_0.doctor_id,
        d1_0.doctor_name,
        d1_0.expertise,
        d1_0.specialization 
    from
        doctor d1_0 
    where
        d1_0.doctor_id=?
2024-08-31T15:43:34.406+05:30  INFO 4736 --- [http-nio-9001-exec-4] com.controller.DoctorController          : Found doctor with ID: 3
2024-08-31T15:43:41.576+05:30  INFO 4736 --- [http-nio-9001-exec-1] com.controller.DoctorController          : Received request to get doctor with ID: 78
2024-08-31T15:43:41.579+05:30 DEBUG 4736 --- [http-nio-9001-exec-1] org.hibernate.SQL                        : 
    select
        d1_0.doctor_id,
        d1_0.doctor_name,
        d1_0.expertise,
        d1_0.specialization 
    from
        doctor d1_0 
    where
        d1_0.doctor_id=?
2024-08-31T15:43:41.583+05:30  WARN 4736 --- [http-nio-9001-exec-1] com.controller.DoctorController          : No record found for doctor ID: 78
2024-08-31T15:43:41.586+05:30  WARN 4736 --- [http-nio-9001-exec-1] .m.m.a.ExceptionHandlerExceptionResolver : Resolved [com.exceptions.CustomException: No record found for doctor ID: 78]
2024-08-31T15:43:57.289+05:30  INFO 4736 --- [http-nio-9001-exec-2] com.controller.DoctorController          : Received request to get doctor with ID: -2
2024-08-31T15:43:57.293+05:30 DEBUG 4736 --- [http-nio-9001-exec-2] org.hibernate.SQL                        : 
    select
        d1_0.doctor_id,
        d1_0.doctor_name,
        d1_0.expertise,
        d1_0.specialization 
    from
        doctor d1_0 
    where
        d1_0.doctor_id=?
2024-08-31T15:43:57.311+05:30  WARN 4736 --- [http-nio-9001-exec-2] com.controller.DoctorController          : No record found for doctor ID: -2
2024-08-31T15:43:57.314+05:30  WARN 4736 --- [http-nio-9001-exec-2] .m.m.a.ExceptionHandlerExceptionResolver : Resolved [com.exceptions.CustomException: No record found for doctor ID: -2]
2024-08-31T15:44:46.021+05:30  INFO 4736 --- [AsyncResolver-bootstrap-executor-0] c.n.d.s.r.aws.ConfigClusterResolver      : Resolving eureka endpoints via configuration
